<?xml version="1.0" encoding="UTF-8"?>
<testng-results ignored="0" total="1" passed="1" failed="0" skipped="0">
  <reporter-output>
  </reporter-output>
  <suite started-at="2025-02-25T14:58:33 IST" name="Default suite" finished-at="2025-02-25T14:58:37 IST" duration-ms="4472">
    <groups>
    </groups>
    <test started-at="2025-02-25T14:58:33 IST" name="Default test" finished-at="2025-02-25T14:58:37 IST" duration-ms="4472">
      <class name="SELENIUM_PRACTICE.Login_Test">
        <test-method is-config="true" signature="setup()[pri:0, instance:SELENIUM_PRACTICE.Login_Test@16150369]" started-at="2025-02-25T14:58:33 IST" name="setup" finished-at="2025-02-25T14:58:37 IST" duration-ms="4149" status="PASS">
          <reporter-output>
          </reporter-output>
        </test-method> <!-- setup -->
        <test-method signature="testlogin()[pri:0, instance:SELENIUM_PRACTICE.Login_Test@16150369]" started-at="2025-02-25T14:58:37 IST" name="testlogin" finished-at="2025-02-25T14:58:37 IST" duration-ms="278" status="PASS">
          <reporter-output>
          </reporter-output>
        </test-method> <!-- testlogin -->
      </class> <!-- SELENIUM_PRACTICE.Login_Test -->
    </test> <!-- Default test -->
  </suite> <!-- Default suite -->
</testng-results>
